  buildvm.c
D:\dev\native_console\nc_engine\ext\lua_jit\src\host\buildvm.c(73,10): fatal error C1083: Cannot open include file: 'buildvm_arch.h': No such file or directory
  buildvm_asm.c
  lib_base.c
D:\dev\native_console\nc_engine\ext\lua_jit\src\lj_ff.h(14,10): fatal error C1083: Cannot open include file: 'lj_ffdef.h': No such file or directory
  lib_bit.c
D:\dev\native_console\nc_engine\ext\lua_jit\src\lj_ff.h(14,10): fatal error C1083: Cannot open include file: 'lj_ffdef.h': No such file or directory
  lib_debug.c
D:\dev\native_console\nc_engine\ext\lua_jit\src\lib_debug.c(398,10): fatal error C1083: Cannot open include file: 'lj_libdef.h': No such file or directory
  lib_ffi.c
D:\dev\native_console\nc_engine\ext\lua_jit\src\lj_ff.h(14,10): fatal error C1083: Cannot open include file: 'lj_ffdef.h': No such file or directory
  lib_init.c
  lib_io.c
D:\dev\native_console\nc_engine\ext\lua_jit\src\lj_ff.h(14,10): fatal error C1083: Cannot open include file: 'lj_ffdef.h': No such file or directory
  lib_jit.c
D:\dev\native_console\nc_engine\ext\lua_jit\src\lib_jit.c(149,10): fatal error C1083: Cannot open include file: 'lj_libdef.h': No such file or directory
  lib_math.c
D:\dev\native_console\nc_engine\ext\lua_jit\src\lib_math.c(216,10): fatal error C1083: Cannot open include file: 'lj_libdef.h': No such file or directory
  lib_os.c
D:\dev\native_console\nc_engine\ext\lua_jit\src\lib_os.c(94,7): warning C4996: 'tmpnam': This function or variable may be unsafe. Consider using tmpnam_s instead. To disable deprecation, use _CRT_SECURE_NO_WARNINGS. See online help for details.
D:\dev\native_console\nc_engine\ext\lua_jit\src\lib_os.c(107,21): warning C4996: 'getenv': This function or variable may be unsafe. Consider using _dupenv_s instead. To disable deprecation, use _CRT_SECURE_NO_WARNINGS. See online help for details.
D:\dev\native_console\nc_engine\ext\lua_jit\src\lib_os.c(184,11): warning C4996: 'gmtime': This function or variable may be unsafe. Consider using gmtime_s instead. To disable deprecation, use _CRT_SECURE_NO_WARNINGS. See online help for details.
D:\dev\native_console\nc_engine\ext\lua_jit\src\lib_os.c(190,11): warning C4996: 'localtime': This function or variable may be unsafe. Consider using localtime_s instead. To disable deprecation, use _CRT_SECURE_NO_WARNINGS. See online help for details.
D:\dev\native_console\nc_engine\ext\lua_jit\src\lib_os.c(285,10): fatal error C1083: Cannot open include file: 'lj_libdef.h': No such file or directory
  lib_package.c
D:\dev\native_console\nc_engine\ext\lua_jit\src\lib_package.c(272,13): warning C4996: 'fopen': This function or variable may be unsafe. Consider using fopen_s instead. To disable deprecation, use _CRT_SECURE_NO_WARNINGS. See online help for details.
D:\dev\native_console\nc_engine\ext\lua_jit\src\lib_package.c(530,22): warning C4996: 'getenv': This function or variable may be unsafe. Consider using _dupenv_s instead. To disable deprecation, use _CRT_SECURE_NO_WARNINGS. See online help for details.
  lib_string.c
D:\dev\native_console\nc_engine\ext\lua_jit\src\lj_ff.h(14,10): fatal error C1083: Cannot open include file: 'lj_ffdef.h': No such file or directory
  lib_table.c
D:\dev\native_console\nc_engine\ext\lua_jit\src\lj_ff.h(14,10): fatal error C1083: Cannot open include file: 'lj_ffdef.h': No such file or directory
  lj_alloc.c
  lj_api.c
  lj_bc.c
D:\dev\native_console\nc_engine\ext\lua_jit\src\lj_bc.c(13,10): fatal error C1083: Cannot open include file: 'lj_bcdef.h': No such file or directory
  lj_bcread.c
  lj_crecord.c
D:\dev\native_console\nc_engine\ext\lua_jit\src\lj_ff.h(14,10): fatal error C1083: Cannot open include file: 'lj_ffdef.h': No such file or directory
  lj_ctype.c
  Generating Code...
  Compiling...
  lj_dispatch.c
D:\dev\native_console\nc_engine\ext\lua_jit\src\lj_ff.h(14,10): fatal error C1083: Cannot open include file: 'lj_ffdef.h': No such file or directory
  lj_err.c
D:\dev\native_console\nc_engine\ext\lua_jit\src\lj_ff.h(14,10): fatal error C1083: Cannot open include file: 'lj_ffdef.h': No such file or directory
  lj_ffrecord.c
D:\dev\native_console\nc_engine\ext\lua_jit\src\lj_ff.h(14,10): fatal error C1083: Cannot open include file: 'lj_ffdef.h': No such file or directory
  lj_func.c
  lj_opt_fold.c
D:\dev\native_console\nc_engine\ext\lua_jit\src\lj_opt_fold.c(2422,10): fatal error C1083: Cannot open include file: 'lj_folddef.h': No such file or directory
  lj_opt_loop.c
  lj_record.c
D:\dev\native_console\nc_engine\ext\lua_jit\src\lj_ff.h(14,10): fatal error C1083: Cannot open include file: 'lj_ffdef.h': No such file or directory
  ljamalg.c
D:\dev\native_console\nc_engine\ext\lua_jit\src\lj_ff.h(14,10): fatal error C1083: Cannot open include file: 'lj_ffdef.h': No such file or directory
  luajit.c
D:\dev\native_console\nc_engine\ext\lua_jit\src\luajit.c(494,22): warning C4996: 'getenv': This function or variable may be unsafe. Consider using _dupenv_s instead. To disable deprecation, use _CRT_SECURE_NO_WARNINGS. See online help for details.
  Generating Code...
